<?xml version="1.0" encoding="UTF-8"?>
<libosinfo version="0.0.1">
  <os id="http://libosinfo.org/test/os/resources/inheritance/1">
    <short-id>resourcesinheritance1</short-id>
    <name>Resources Inheritance 1</name>
    <vendor>libosinfo.org</vendor>
    <family>test</family>

    <resources arch="all">
      <minimum>
        <n-cpus>1</n-cpus>
        <cpu>1</cpu>
        <ram>1</ram>
        <storage>1</storage>
      </minimum>
      <recommended>
        <n-cpus>2</n-cpus>
        <cpu>2</cpu>
        <ram>2</ram>
        <storage>2</storage>
      </recommended>
    </resources>

  </os>
</libosinfo>
