<?xml version="1.0" encoding="UTF-8"?>
<libosinfo version="0.0.1">
  <os id="http://libosinfo.org/test/os/devices/basic/2-clone">
    <short-id>devices-basic-2-clone</short-id>
    <name>Devices Basic 2 Clone</name>
    <vendor>libosinfo.org</vendor>
    <family>test</family>
    <clones id="http://libosinfo.org/test/os/devices/basic/2"/>
  </os>
</libosinfo>
