<?xml version="1.0" encoding="UTF-8"?>
<libosinfo version="0.0.1">
  <os id="http://libosinfo.org/test/os/firmwares/inheritance/2">
    <short-id>firmwaresinheritance2</short-id>
    <name>Firmwares Inheritance 2</name>
    <vendor>libosinfo.org</vendor>
    <family>test</family>
    <derives-from id="http://libosinfo.org/test/os/firmwares/inheritance/1"/>
  </os>
</libosinfo>
