<?xml version="1.0" encoding="UTF-8"?>
<libosinfo version="0.0.1">
  <os id="http://libosinfo.org/test/os/devices/removed/2">
    <short-id>devices-removed-2</short-id>
    <name>Devices Removed 2</name>
    <vendor>libosinfo.org</vendor>
    <family>test</family>
    <derives-from id="http://libosinfo.org/test/os/devices/removed/1"/>
  </os>
</libosinfo>
