<?xml version="1.0" encoding="UTF-8"?>
<libosinfo version="0.0.1">
    <os id="http://libosinfo.org/test/os/devices/basic/1">
    <short-id>devices-basic-1</short-id>
    <name>Devices Basic 1</name>
    <vendor>libosinfo.org</vendor>
    <family>test</family>

    <devices>
      <device id="http://libosinfo.org/test/device/one"/>
    </devices>
  </os>
</libosinfo>
