<?xml version="1.0" encoding="UTF-8"?>
<libosinfo version="0.0.1">
  <os id="http://libosinfo.org/test/os/firmwares/inheritance/4">
    <short-id>firmwaresinheritance4</short-id>
    <name>Firmwares Inheritance 4</name>
    <vendor>libosinfo.org</vendor>
    <family>test</family>
    <derives-from id="http://libosinfo.org/test/os/firmwares/inheritance/3"/>
  </os>
</libosinfo>
